  yaSceneMgr.cpp
  main.cpp
D:\C++\API\학원\SuperMario\Client\main.cpp(158,64): warning C4244: '인수': 'LONG'에서 'float'(으)로 변환하면서 데이터가 손실될 수 있습니다.
D:\C++\API\학원\SuperMario\Client\main.cpp(158,52): warning C4244: '인수': 'LONG'에서 'float'(으)로 변환하면서 데이터가 손실될 수 있습니다.
D:\C++\API\학원\SuperMario\Client\main.cpp(205,65): warning C4244: '인수': 'LONG'에서 'float'(으)로 변환하면서 데이터가 손실될 수 있습니다.
D:\C++\API\학원\SuperMario\Client\main.cpp(205,55): warning C4244: '인수': 'LONG'에서 'float'(으)로 변환하면서 데이터가 손실될 수 있습니다.
  yaApplication.cpp
D:\C++\API\학원\SuperMario\Client\yaApplication.cpp(59,62): warning C4244: '인수': 'float'에서 'int'(으)로 변환하면서 데이터가 손실될 수 있습니다.
D:\C++\API\학원\SuperMario\Client\yaApplication.cpp(59,44): warning C4244: '인수': 'float'에서 'int'(으)로 변환하면서 데이터가 손실될 수 있습니다.
  yaGameObject.cpp
  yaLayer.cpp
  yaPlayer.cpp
  yaScene.cpp
  yaSpriteRenderer.cpp
D:\C++\API\학원\SuperMario\Client\yaSpriteRenderer.cpp(23,56): warning C4244: '인수': 'float'에서 'int'(으)로 변환하면서 데이터가 손실될 수 있습니다.
D:\C++\API\학원\SuperMario\Client\yaSpriteRenderer.cpp(23,44): warning C4244: '인수': 'float'에서 'int'(으)로 변환하면서 데이터가 손실될 수 있습니다.
D:\C++\API\학원\SuperMario\Client\yaSpriteRenderer.cpp(23,32): warning C4244: '인수': 'float'에서 'int'(으)로 변환하면서 데이터가 손실될 수 있습니다.
D:\C++\API\학원\SuperMario\Client\yaSpriteRenderer.cpp(23,21): warning C4244: '인수': 'float'에서 'int'(으)로 변환하면서 데이터가 손실될 수 있습니다.
  yaTitleScene.cpp
  yaTransform.cpp
  코드를 생성하고 있습니다...
  Client.vcxproj -> D:\C++\API\학원\SuperMario\x64\Debug\Client.exe
